AH00558: apache2: Could not reliably determine the server's fully qualified domain name, using 172.22.0.5. Set the 'ServerName' directive globally to suppress this message
[Mon Apr 23 18:48:14.002340 2018] [mpm_prefork:notice] [pid 1] AH00163: Apache/2.4.33 (Ubuntu) PHP/7.2.4 OpenSSL/1.1.0h configured -- resuming normal operations
[Mon Apr 23 18:48:14.002428 2018] [core:notice] [pid 1] AH00094: Command line: 'apache2 -D FOREGROUND'
[Tue Apr 24 08:51:21.717223 2018] [mpm_prefork:notice] [pid 1] AH00169: caught SIGTERM, shutting down
AH00558: apache2: Could not reliably determine the server's fully qualified domain name, using 172.22.0.5. Set the 'ServerName' directive globally to suppress this message
[Tue Apr 24 08:51:38.287823 2018] [mpm_prefork:notice] [pid 1] AH00163: Apache/2.4.33 (Ubuntu) PHP/7.2.4 OpenSSL/1.1.0h configured -- resuming normal operations
[Tue Apr 24 08:51:38.287921 2018] [core:notice] [pid 1] AH00094: Command line: 'apache2 -D FOREGROUND'
AH00558: apache2: Could not reliably determine the server's fully qualified domain name, using 172.22.0.5. Set the 'ServerName' directive globally to suppress this message
[Tue Apr 24 08:53:28.289139 2018] [mpm_prefork:notice] [pid 1] AH00163: Apache/2.4.33 (Ubuntu) PHP/7.2.4 OpenSSL/1.1.0h configured -- resuming normal operations
[Tue Apr 24 08:53:28.289180 2018] [core:notice] [pid 1] AH00094: Command line: 'apache2 -D FOREGROUND'
[Tue Apr 24 09:41:05.504664 2018] [mpm_prefork:notice] [pid 1] AH00169: caught SIGTERM, shutting down
AH00558: apache2: Could not reliably determine the server's fully qualified domain name, using 172.22.0.4. Set the 'ServerName' directive globally to suppress this message
[Tue Apr 24 09:41:10.860619 2018] [mpm_prefork:notice] [pid 1] AH00163: Apache/2.4.33 (Ubuntu) PHP/7.2.4 OpenSSL/1.1.0h configured -- resuming normal operations
[Tue Apr 24 09:41:10.860663 2018] [core:notice] [pid 1] AH00094: Command line: 'apache2 -D FOREGROUND'
[Tue Apr 24 09:44:49.514434 2018] [mpm_prefork:notice] [pid 1] AH00169: caught SIGTERM, shutting down
AH00558: apache2: Could not reliably determine the server's fully qualified domain name, using 172.22.0.5. Set the 'ServerName' directive globally to suppress this message
[Tue Apr 24 09:44:55.237214 2018] [mpm_prefork:notice] [pid 1] AH00163: Apache/2.4.33 (Ubuntu) PHP/7.2.4 OpenSSL/1.1.0h configured -- resuming normal operations
[Tue Apr 24 09:44:55.237265 2018] [core:notice] [pid 1] AH00094: Command line: 'apache2 -D FOREGROUND'
[Wed Apr 25 02:09:06.943073 2018] [mpm_prefork:notice] [pid 1] AH00169: caught SIGTERM, shutting down
AH00558: apache2: Could not reliably determine the server's fully qualified domain name, using 172.22.0.5. Set the 'ServerName' directive globally to suppress this message
[Wed Apr 25 02:09:09.657151 2018] [mpm_prefork:notice] [pid 1] AH00163: Apache/2.4.33 (Ubuntu) PHP/7.2.4 OpenSSL/1.1.0h configured -- resuming normal operations
[Wed Apr 25 02:09:09.657187 2018] [core:notice] [pid 1] AH00094: Command line: 'apache2 -D FOREGROUND'
[Wed Apr 25 02:10:09.319028 2018] [mpm_prefork:notice] [pid 1] AH00169: caught SIGTERM, shutting down
AH00558: apache2: Could not reliably determine the server's fully qualified domain name, using 172.22.0.5. Set the 'ServerName' directive globally to suppress this message
[Wed Apr 25 02:10:14.533804 2018] [mpm_prefork:notice] [pid 1] AH00163: Apache/2.4.33 (Ubuntu) PHP/7.2.4 OpenSSL/1.1.0h configured -- resuming normal operations
[Wed Apr 25 02:10:14.533849 2018] [core:notice] [pid 1] AH00094: Command line: 'apache2 -D FOREGROUND'
[Wed Apr 25 02:10:25.679825 2018] [mpm_prefork:notice] [pid 1] AH00169: caught SIGTERM, shutting down
AH00558: apache2: Could not reliably determine the server's fully qualified domain name, using 172.19.0.4. Set the 'ServerName' directive globally to suppress this message
[Wed Apr 25 02:10:50.775488 2018] [mpm_prefork:notice] [pid 1] AH00163: Apache/2.4.33 (Ubuntu) PHP/7.2.4 OpenSSL/1.1.0h configured -- resuming normal operations
[Wed Apr 25 02:10:50.775537 2018] [core:notice] [pid 1] AH00094: Command line: 'apache2 -D FOREGROUND'
[Wed Apr 25 02:10:51.430517 2018] [mpm_prefork:notice] [pid 1] AH00169: caught SIGTERM, shutting down
AH00558: apache2: Could not reliably determine the server's fully qualified domain name, using 172.19.0.4. Set the 'ServerName' directive globally to suppress this message
[Wed Apr 25 02:10:56.409867 2018] [mpm_prefork:notice] [pid 1] AH00163: Apache/2.4.33 (Ubuntu) PHP/7.2.4 OpenSSL/1.1.0h configured -- resuming normal operations
[Wed Apr 25 02:10:56.409923 2018] [core:notice] [pid 1] AH00094: Command line: 'apache2 -D FOREGROUND'
[Wed Apr 25 02:11:22.379538 2018] [mpm_prefork:notice] [pid 1] AH00169: caught SIGTERM, shutting down
AH00558: apache2: Could not reliably determine the server's fully qualified domain name, using 172.19.0.4. Set the 'ServerName' directive globally to suppress this message
[Wed Apr 25 02:11:42.724622 2018] [mpm_prefork:notice] [pid 1] AH00163: Apache/2.4.33 (Ubuntu) PHP/7.2.4 OpenSSL/1.1.0h configured -- resuming normal operations
[Wed Apr 25 02:11:42.724777 2018] [core:notice] [pid 1] AH00094: Command line: 'apache2 -D FOREGROUND'
[Wed Apr 25 02:25:42.385733 2018] [mpm_prefork:notice] [pid 1] AH00169: caught SIGTERM, shutting down
AH00558: apache2: Could not reliably determine the server's fully qualified domain name, using 172.19.0.4. Set the 'ServerName' directive globally to suppress this message
[Wed Apr 25 02:25:51.954447 2018] [mpm_prefork:notice] [pid 1] AH00163: Apache/2.4.33 (Ubuntu) PHP/7.2.4 OpenSSL/1.1.0h configured -- resuming normal operations
[Wed Apr 25 02:25:51.954576 2018] [core:notice] [pid 1] AH00094: Command line: 'apache2 -D FOREGROUND'
